This is pdfTeX, Version 3.14159265-2.6-1.40.16 (TeX Live 2015) (preloaded format=pdflatex 2016.6.1)  31 JUL 2018 18:47
entering extended mode
 restricted \write18 enabled.
 file:line:error style messages enabled.
 %&-line parsing enabled.
**/Users/cpehle/Development/harakiri/article/plots.tex
(/Users/cpehle/Development/harakiri/article/plots.tex
LaTeX2e <2016/03/31>
Babel <3.9q> and hyphenation patterns for 81 language(s) loaded.
(/usr/local/texlive/2015/texmf-dist/tex/latex/base/article.cls
Document Class: article 2014/09/29 v1.4h Standard LaTeX document class
(/usr/local/texlive/2015/texmf-dist/tex/latex/base/size10.clo
File: size10.clo 2014/09/29 v1.4h Standard LaTeX file (size option)
)
\c@part=\count79
\c@section=\count80
\c@subsection=\count81
\c@subsubsection=\count82
\c@paragraph=\count83
\c@subparagraph=\count84
\c@figure=\count85
\c@table=\count86
\abovecaptionskip=\skip41
\belowcaptionskip=\skip42
\bibindent=\dimen102
)
(/usr/local/texlive/2015/texmf-dist/tex/latex/graphics/graphicx.sty
Package: graphicx 2014/10/28 v1.0g Enhanced LaTeX Graphics (DPC,SPQR)

(/usr/local/texlive/2015/texmf-dist/tex/latex/graphics/keyval.sty
Package: keyval 2014/10/28 v1.15 key=value parser (DPC)
\KV@toks@=\toks14
)
(/usr/local/texlive/2015/texmf-dist/tex/latex/graphics/graphics.sty
Package: graphics 2016/01/03 v1.0q Standard LaTeX Graphics (DPC,SPQR)

(/usr/local/texlive/2015/texmf-dist/tex/latex/graphics/trig.sty
Package: trig 2016/01/03 v1.10 sin cos tan (DPC)
)
(/usr/local/texlive/2015/texmf-dist/tex/latex/latexconfig/graphics.cfg
File: graphics.cfg 2010/04/23 v1.9 graphics configuration of TeX Live
)
Package graphics Info: Driver file: pdftex.def on input line 95.

(/usr/local/texlive/2015/texmf-dist/tex/latex/pdftex-def/pdftex.def
File: pdftex.def 2011/05/27 v0.06d Graphics/color for pdfTeX

(/usr/local/texlive/2015/texmf-dist/tex/generic/oberdiek/infwarerr.sty
Package: infwarerr 2010/04/08 v1.3 Providing info/warning/error messages (HO)
)
(/usr/local/texlive/2015/texmf-dist/tex/generic/oberdiek/ltxcmds.sty
Package: ltxcmds 2011/11/09 v1.22 LaTeX kernel commands for general use (HO)
)
\Gread@gobject=\count87
))
\Gin@req@height=\dimen103
\Gin@req@width=\dimen104
)
(./plots.aux

LaTeX Warning: Label `fig:ltl' multiply defined.


LaTeX Warning: Label `fig:density_hadamard' multiply defined.


LaTeX Warning: Label `fig:relu_hadamard_8_4' multiply defined.


LaTeX Warning: Label `fig:relu_hadamard_8_4' multiply defined.

)
\openout1 = `plots.aux'.

LaTeX Font Info:    Checking defaults for OML/cmm/m/it on input line 4.
LaTeX Font Info:    ... okay on input line 4.
LaTeX Font Info:    Checking defaults for T1/cmr/m/n on input line 4.
LaTeX Font Info:    ... okay on input line 4.
LaTeX Font Info:    Checking defaults for OT1/cmr/m/n on input line 4.
LaTeX Font Info:    ... okay on input line 4.
LaTeX Font Info:    Checking defaults for OMS/cmsy/m/n on input line 4.
LaTeX Font Info:    ... okay on input line 4.
LaTeX Font Info:    Checking defaults for OMX/cmex/m/n on input line 4.
LaTeX Font Info:    ... okay on input line 4.
LaTeX Font Info:    Checking defaults for U/cmr/m/n on input line 4.
LaTeX Font Info:    ... okay on input line 4.
 (/usr/local/texlive/2015/texmf-dist/tex/context/base/supp-pdf.mkii
[Loading MPS to PDF converter (version 2006.09.02).]
\scratchcounter=\count88
\scratchdimen=\dimen105
\scratchbox=\box26
\nofMPsegments=\count89
\nofMParguments=\count90
\everyMPshowfont=\toks15
\MPscratchCnt=\count91
\MPscratchDim=\dimen106
\MPnumerator=\count92
\makeMPintoPDFobject=\count93
\everyMPtoPDFconversion=\toks16
) (/usr/local/texlive/2015/texmf-dist/tex/generic/oberdiek/pdftexcmds.sty
Package: pdftexcmds 2011/11/29 v0.20 Utility functions of pdfTeX for LuaTeX (HO
)

(/usr/local/texlive/2015/texmf-dist/tex/generic/oberdiek/ifluatex.sty
Package: ifluatex 2010/03/01 v1.3 Provides the ifluatex switch (HO)
Package ifluatex Info: LuaTeX not detected.
)
(/usr/local/texlive/2015/texmf-dist/tex/generic/oberdiek/ifpdf.sty
Package: ifpdf 2011/01/30 v2.3 Provides the ifpdf switch (HO)
Package ifpdf Info: pdfTeX in PDF mode is detected.
)
Package pdftexcmds Info: LuaTeX not detected.
Package pdftexcmds Info: \pdf@primitive is available.
Package pdftexcmds Info: \pdf@ifprimitive is available.
Package pdftexcmds Info: \pdfdraftmode found.
)
(/usr/local/texlive/2015/texmf-dist/tex/latex/oberdiek/epstopdf-base.sty
Package: epstopdf-base 2010/02/09 v2.5 Base part for package epstopdf

(/usr/local/texlive/2015/texmf-dist/tex/latex/oberdiek/grfext.sty
Package: grfext 2010/08/19 v1.1 Manage graphics extensions (HO)

(/usr/local/texlive/2015/texmf-dist/tex/generic/oberdiek/kvdefinekeys.sty
Package: kvdefinekeys 2011/04/07 v1.3 Define keys (HO)
))
(/usr/local/texlive/2015/texmf-dist/tex/latex/oberdiek/kvoptions.sty
Package: kvoptions 2011/06/30 v3.11 Key value format for package options (HO)

(/usr/local/texlive/2015/texmf-dist/tex/generic/oberdiek/kvsetkeys.sty
Package: kvsetkeys 2012/04/25 v1.16 Key value parser (HO)

(/usr/local/texlive/2015/texmf-dist/tex/generic/oberdiek/etexcmds.sty
Package: etexcmds 2011/02/16 v1.5 Avoid name clashes with e-TeX commands (HO)
Package etexcmds Info: Could not find \expanded.
(etexcmds)             That can mean that you are not using pdfTeX 1.50 or
(etexcmds)             that some package has redefined \expanded.
(etexcmds)             In the latter case, load this package earlier.
)))
Package grfext Info: Graphics extension search list:
(grfext)             [.png,.pdf,.jpg,.mps,.jpeg,.jbig2,.jb2,.PNG,.PDF,.JPG,.JPE
G,.JBIG2,.JB2,.eps]
(grfext)             \AppendGraphicsExtensions on input line 452.

(/usr/local/texlive/2015/texmf-dist/tex/latex/latexconfig/epstopdf-sys.cfg
File: epstopdf-sys.cfg 2010/07/13 v1.3 Configuration of (r)epstopdf for TeX Liv
e
))
<../figures/8-4-4-traces/sweep_hadamard.png, id=1, 462.528pt x 346.896pt>
File: ../figures/8-4-4-traces/sweep_hadamard.png Graphic file (type png)

<use ../figures/8-4-4-traces/sweep_hadamard.png>
Package pdftex.def Info: ../figures/8-4-4-traces/sweep_hadamard.png used on inp
ut line 7.
(pdftex.def)             Requested size: 345.0pt x 258.76335pt.

<../figures/rotate_sequential.png, id=3, 462.528pt x 346.896pt>
File: ../figures/rotate_sequential.png Graphic file (type png)

<use ../figures/rotate_sequential.png>
Package pdftex.def Info: ../figures/rotate_sequential.png used on input line 16
.
(pdftex.def)             Requested size: 345.0pt x 258.76335pt.
LaTeX Font Info:    External font `cmex10' loaded for size
(Font)              <7> on input line 19.
LaTeX Font Info:    External font `cmex10' loaded for size
(Font)              <5> on input line 19.

<../figures/density/hadamard/sweep_density_matrix-hadamard_gate.png, id=4, 462.
528pt x 346.896pt>
File: ../figures/density/hadamard/sweep_density_matrix-hadamard_gate.png Graphi
c file (type png)

<use ../figures/density/hadamard/sweep_density_matrix-hadamard_gate.png>
Package pdftex.def Info: ../figures/density/hadamard/sweep_density_matrix-hadam
ard_gate.png used on input line 24.
(pdftex.def)             Requested size: 345.0pt x 258.76335pt.

<../figures/density/cnot/sweep_density_matrix-cnot_gate.png, id=5, 462.528pt x 
346.896pt>
File: ../figures/density/cnot/sweep_density_matrix-cnot_gate.png Graphic file (
type png)
 <use ../figures/density/cnot/sweep_density_matrix-cnot_gate.png>
Package pdftex.def Info: ../figures/density/cnot/sweep_density_matrix-cnot_gate
.png used on input line 34.
(pdftex.def)             Requested size: 345.0pt x 258.76335pt.

<../figures/relu_4.png, id=6, 462.528pt x 346.896pt>
File: ../figures/relu_4.png Graphic file (type png)

<use ../figures/relu_4.png>
Package pdftex.def Info: ../figures/relu_4.png used on input line 43.
(pdftex.def)             Requested size: 345.0pt x 258.76335pt.

<../figures/relu_8_4.png, id=7, 462.528pt x 346.896pt>
File: ../figures/relu_8_4.png Graphic file (type png)

<use ../figures/relu_8_4.png>
Package pdftex.def Info: ../figures/relu_8_4.png used on input line 49.
(pdftex.def)             Requested size: 345.0pt x 258.76335pt.

<../figures/8-8-4-traces-quantized/sweep_hadamard-quantized.png, id=8, 462.528p
t x 346.896pt>
File: ../figures/8-8-4-traces-quantized/sweep_hadamard-quantized.png Graphic fi
le (type png)

<use ../figures/8-8-4-traces-quantized/sweep_hadamard-quantized.png>
Package pdftex.def Info: ../figures/8-8-4-traces-quantized/sweep_hadamard-quant
ized.png used on input line 55.
(pdftex.def)             Requested size: 345.0pt x 258.76335pt.

<../figures/non_linear.png, id=9, 462.528pt x 346.896pt>
File: ../figures/non_linear.png Graphic file (type png)

<use ../figures/non_linear.png>
Package pdftex.def Info: ../figures/non_linear.png used on input line 62.
(pdftex.def)             Requested size: 345.0pt x 258.76335pt.
 [1{/usr/local/texlive/2015/texmf-var/fonts/map/pdftex/updmap/pdftex.map} <../f
igures/8-4-4-traces/sweep_hadamard.png>]
[2 <../figures/rotate_sequential.png>] [3 <../figures/density/hadamard/sweep_de
nsity_matrix-hadamard_gate.png>] [4 <../figures/density/cnot/sweep_density_matr
ix-cnot_gate.png>] [5 <../figures/relu_4.png> <../figures/relu_8_4.png>]
[6 <../figures/8-8-4-traces-quantized/sweep_hadamard-quantized.png>] [7 <../fig
ures/non_linear.png>] (./plots.aux)

LaTeX Warning: There were multiply-defined labels.

 ) 
Here is how much of TeX's memory you used:
 1510 strings out of 493027
 23049 string characters out of 6134070
 81650 words of memory out of 5000000
 5059 multiletter control sequences out of 15000+600000
 3640 words of font info for 14 fonts, out of 8000000 for 9000
 1141 hyphenation exceptions out of 8191
 37i,5n,23p,623b,218s stack positions out of 5000i,500n,10000p,200000b,80000s
</usr/local/texlive/2015/texmf-dist/fonts/type1/public/amsfonts/cm/cmmi10.pfb
></usr/local/texlive/2015/texmf-dist/fonts/type1/public/amsfonts/cm/cmr10.pfb>
Output written on plots.pdf (7 pages, 312907 bytes).
PDF statistics:
 53 PDF objects out of 1000 (max. 8388607)
 25 compressed objects within 1 object stream
 0 named destinations out of 1000 (max. 500000)
 41 words of extra memory for PDF output out of 10000 (max. 10000000)

